#
# A fatal error has been detected by the Java Runtime Environment:
#
#  SIGSEGV (0xb) at pc=0x000000010a04c594, pid=21373, tid=0x0000000000004303
#
# JRE version: Java(TM) SE Runtime Environment (8.0_101-b13) (build 1.8.0_101-b13)
# Java VM: Java HotSpot(TM) 64-Bit Server VM (25.101-b13 mixed mode bsd-amd64 compressed oops)
# Problematic frame:
# V  [libjvm.dylib+0x44c594]  Method::checked_resolve_jmethod_id(_jmethodID*)+0xe
#
# Failed to write core dump. Core dumps have been disabled. To enable core dumping, try "ulimit -c unlimited" before starting Java again
#
# If you would like to submit a bug report, please visit:
#   http://bugreport.java.com/bugreport/crash.jsp
#

---------------  T H R E A D  ---------------

Current thread (0x00007f8c25800800):  JavaThread "JDWP Transport Listener: dt_socket" daemon [_thread_in_vm, id=17155, stack(0x000070000a89d000,0x000070000a99d000)]

siginfo: si_signo: 11 (SIGSEGV), si_code: 1 (SEGV_MAPERR), si_addr: 0x00007f8c00747365

Registers:
RAX=0x0000000000000001, RBX=0x000070000a99ca8b, RCX=0x000000010a41f360, RDX=0x000070000a99ca8b
RSP=0x000070000a99c9d0, RBP=0x000070000a99c9e0, RSI=0x00007f8c25800800, RDI=0x00007f8c00747365
R8 =0x0000000000000000, R9 =0x00007f8c244027a0, R10=0x0000000000000001, R11=0x0000000000000001
R12=0x00007f8c25800800, R13=0x00007f8c00747365, R14=0x00007f8c00747365, R15=0x00007f8c2440b5e0
RIP=0x000000010a04c594, EFLAGS=0x0000000000010206, ERR=0x0000000000000004
  TRAPNO=0x000000000000000e

Top of Stack: (sp=0x000070000a99c9d0)
0x000070000a99c9d0:   000070000a99ca8b 000070000a99ca8b
0x000070000a99c9e0:   000070000a99ca40 0000000109f580d2
0x000070000a99c9f0:   00007f8c25800800 0000000000000000
0x000070000a99ca00:   0000000000000000 0000000000000000
0x000070000a99ca10:   00007f8c25800800 00007f8c25800800
0x000070000a99ca20:   000070000a99ca8b 000070000a99ca90
0x000070000a99ca30:   00007f8c00747365 0000000000000006
0x000070000a99ca40:   000070000a99ca60 000000010939e780
0x000070000a99ca50:   0000000000000001 000070000a99cb08
0x000070000a99ca60:   000070000a99cad0 00000001093831f3
0x000070000a99ca70:   000070000a99caa0 00007f8c244454e0
0x000070000a99ca80:   0000000700000032 f000100a0199cb08
0x000070000a99ca90:   0000000000000000 0000000000000000
0x000070000a99caa0:   0000000000000000 000070000a99cc90
0x000070000a99cab0:   00000001093a5e7a 00007f8c24714880
0x000070000a99cac0:   000070000a99cb08 00000001093b1598
0x000070000a99cad0:   000070000a99cae0 00000001093832ec
0x000070000a99cae0:   000070000a99cd00 000000010938c898
0x000070000a99caf0:   00000a0d00000013 00000000000f0200
0x000070000a99cb00:   00007f8c2471e200 00007f8c24445621
0x000070000a99cb10:   00007f8c000001f7 00007f8c24445820
0x000070000a99cb20:   00007f8c0000012c 000070000a99cb58
0x000070000a99cb30:   00007f8c24445820 0000000000000000
0x000070000a99cb40:   00000a0d0000000f 0000000000000080
0x000070000a99cb50:   000070000a99cb58 8c7f000007000000
0x000070000a99cb60:   07000000c8766124 006e6576456d7573
0x000070000a99cb70:   0000492928030000 00000a0000000000
0x000070000a99cb80:   0000987661248c7f 00006e69616d0400
0x000070000a99cb90:   76616a4c5b281600 532f676e616c2f61
0x000070000a99cba0:   56293b676e697274 0900000000000000
0x000070000a99cbb0:   a07661248c7f0000 626d616c0d000000
0x000070000a99cbc0:   246e69616d246164 6a4c283b00000033 

Instructions: (pc=0x000000010a04c594)
0x000000010a04c574:   40 48 48 85 c0 75 e0 30 c0 0f b6 c0 5d c3 31 c0
0x000000010a04c584:   5d c3 55 48 89 e5 53 48 83 ec 08 48 85 ff 74 24
0x000000010a04c594:   48 8b 1f 48 85 db 74 1c 48 83 fb 37 74 16 48 8b
0x000000010a04c5a4:   03 48 89 df ff 50 10 84 c0 b8 00 00 00 00 48 0f 

Register to memory mapping:

RAX=0x0000000000000001 is an unknown value
RBX=0x000070000a99ca8b is pointing into the stack for thread: 0x00007f8c25800800
RCX=0x000000010a41f360: UseMembar+0 in /Library/Java/JavaVirtualMachines/jdk1.8.0_101.jdk/Contents/Home/jre/lib/server/libjvm.dylib at 0x0000000109c00000
RDX=0x000070000a99ca8b is pointing into the stack for thread: 0x00007f8c25800800
RSP=0x000070000a99c9d0 is pointing into the stack for thread: 0x00007f8c25800800
RBP=0x000070000a99c9e0 is pointing into the stack for thread: 0x00007f8c25800800
RSI=0x00007f8c25800800 is a thread
RDI=0x00007f8c00747365 is an unknown value
R8 =0x0000000000000000 is an unknown value
R9 =0x00007f8c244027a0 is an unknown value
R10=0x0000000000000001 is an unknown value
R11=0x0000000000000001 is an unknown value
R12=0x00007f8c25800800 is a thread
R13=0x00007f8c00747365 is an unknown value
R14=0x00007f8c00747365 is an unknown value
R15=0x00007f8c2440b5e0 is an unknown value


Stack: [0x000070000a89d000,0x000070000a99d000],  sp=0x000070000a99c9d0,  free space=1022k
Native frames: (J=compiled Java code, j=interpreted, Vv=VM code, C=native code)
V  [libjvm.dylib+0x44c594]  Method::checked_resolve_jmethod_id(_jmethodID*)+0xe
V  [libjvm.dylib+0x3580d2]  jvmti_IsMethodSynthetic+0xb2
C  [libjdwp.dylib+0x20780]  isMethodSynthetic+0x63
C  [libjdwp.dylib+0x51f3]  methods1+0x10b
C  [libjdwp.dylib+0x52ec]  methodsWithGeneric+0xe
C  [libjdwp.dylib+0xe898]  debugLoop_run+0x1ce
C  [libjdwp.dylib+0x1f6ba]  attachThread+0x4d
V  [libjvm.dylib+0x399438]  JvmtiAgentThread::call_start_function()+0x38
V  [libjvm.dylib+0x5695ab]  JavaThread::thread_main_inner()+0x9b
V  [libjvm.dylib+0x56ac98]  JavaThread::run()+0x1c2
V  [libjvm.dylib+0x48933a]  java_start(Thread*)+0xf6
C  [libsystem_pthread.dylib+0x393b]  _pthread_body+0xb4
C  [libsystem_pthread.dylib+0x3887]  _pthread_body+0x0
C  [libsystem_pthread.dylib+0x308d]  thread_start+0xd
C  0x0000000000000000


---------------  P R O C E S S  ---------------

Java Threads: ( => current thread )
  0x00007f8c2486e800 JavaThread "Service Thread" daemon [_thread_blocked, id=20227, stack(0x000070000aeaf000,0x000070000afaf000)]
  0x00007f8c2585b800 JavaThread "C1 CompilerThread2" daemon [_thread_blocked, id=19715, stack(0x000070000adac000,0x000070000aeac000)]
  0x00007f8c2486b800 JavaThread "C2 CompilerThread1" daemon [_thread_blocked, id=19203, stack(0x000070000aca9000,0x000070000ada9000)]
  0x00007f8c24826800 JavaThread "C2 CompilerThread0" daemon [_thread_blocked, id=18691, stack(0x000070000aba6000,0x000070000aca6000)]
  0x00007f8c24824000 JavaThread "JDWP Command Reader" daemon [_thread_in_native, id=18179, stack(0x000070000aaa3000,0x000070000aba3000)]
  0x00007f8c26006000 JavaThread "JDWP Event Helper Thread" daemon [_thread_blocked, id=17667, stack(0x000070000a9a0000,0x000070000aaa0000)]
=>0x00007f8c25800800 JavaThread "JDWP Transport Listener: dt_socket" daemon [_thread_in_vm, id=17155, stack(0x000070000a89d000,0x000070000a99d000)]
  0x00007f8c25024000 JavaThread "Signal Dispatcher" daemon [_thread_blocked, id=16643, stack(0x000070000a79a000,0x000070000a89a000)]
  0x00007f8c25832000 JavaThread "Finalizer" daemon [_thread_blocked, id=12547, stack(0x000070000a697000,0x000070000a797000)]
  0x00007f8c25048800 JavaThread "Reference Handler" daemon [_thread_blocked, id=12035, stack(0x000070000a594000,0x000070000a694000)]
  0x00007f8c25803800 JavaThread "main" [_thread_blocked, id=7171, stack(0x0000700009f82000,0x000070000a082000)]

Other Threads:
  0x00007f8c25047800 VMThread [stack: 0x000070000a491000,0x000070000a591000] [id=11523]
  0x00007f8c25025000 WatcherThread [stack: 0x000070000afb2000,0x000070000b0b2000] [id=20739]

VM state:not at safepoint (normal execution)

VM Mutex/Monitor currently owned by a thread: None

Heap:
 PSYoungGen      total 9728K, used 2458K [0x00000007b5580000, 0x00000007b6000000, 0x00000007c0000000)
  eden space 8704K, 28% used [0x00000007b5580000,0x00000007b57e6888,0x00000007b5e00000)
  from space 1024K, 0% used [0x00000007b5f00000,0x00000007b5f00000,0x00000007b6000000)
  to   space 1024K, 0% used [0x00000007b5e00000,0x00000007b5e00000,0x00000007b5f00000)
 ParOldGen       total 22016K, used 0K [0x00000007a0000000, 0x00000007a1580000, 0x00000007b5580000)
  object space 22016K, 0% used [0x00000007a0000000,0x00000007a0000000,0x00000007a1580000)
 Metaspace       used 3948K, capacity 4826K, committed 4864K, reserved 1056768K
  class space    used 445K, capacity 507K, committed 512K, reserved 1048576K

Card table byte_map: [0x000000010af5d000,0x000000010b05e000] byte_map_base: 0x000000010725d000

Marking Bits: (ParMarkBitMap*) 0x000000010a4edd20
 Begin Bits: [0x000000010b109000, 0x000000010b909000)
 End Bits:   [0x000000010b909000, 0x000000010c109000)

Polling page: 0x000000010937d000

CodeCache: size=245760Kb used=1503Kb max_used=1503Kb free=244256Kb
 bounds [0x000000011560f000, 0x000000011587f000, 0x000000012460f000]
 total_blobs=491 nmethods=242 adapters=171
 compilation: enabled

Compilation events (10 events):
Event: 1.370 Thread 0x00007f8c2585b800  238       3       java.util.concurrent.ConcurrentHashMap::casTabAt (20 bytes)
Event: 1.371 Thread 0x00007f8c2585b800 nmethod 238 0x0000000115784050 code [0x00000001157841a0, 0x0000000115784330]
Event: 1.373 Thread 0x00007f8c2585b800  239       1       java.lang.invoke.MethodTypeForm::basicType (5 bytes)
Event: 1.373 Thread 0x00007f8c2585b800 nmethod 239 0x0000000115783d90 code [0x0000000115783ee0, 0x0000000115783ff0]
Event: 1.373 Thread 0x00007f8c2585b800  240       3       java.lang.ClassLoader::checkName (43 bytes)
Event: 1.374 Thread 0x00007f8c2585b800 nmethod 240 0x0000000115783190 code [0x0000000115783360, 0x0000000115783ad8]
Event: 1.374 Thread 0x00007f8c2585b800  242       3       sun.invoke.util.Wrapper::forBasicType (16 bytes)
Event: 1.374 Thread 0x00007f8c2585b800 nmethod 242 0x0000000115786510 code [0x00000001157866a0, 0x0000000115786918]
Event: 1.374 Thread 0x00007f8c2585b800  241       3       sun.misc.VM::allowArraySyntax (4 bytes)
Event: 1.375 Thread 0x00007f8c2585b800 nmethod 241 0x0000000115786a10 code [0x0000000115786b60, 0x0000000115786cb0]

GC Heap History (0 events):
No events

Deoptimization events (0 events):
No events

Internal exceptions (4 events):
Event: 0.076 Thread 0x00007f8c25803800 Exception <a 'java/lang/NoSuchMethodError': Method sun.misc.Unsafe.defineClass(Ljava/lang/String;[BII)Ljava/lang/Class; name or signature does not match> (0x00000007b5587cc0) thrown at [/HUDSON3/workspace/8-2-build-macosx-x86_64/jdk8u101/7261/hotspot/src/
Event: 0.076 Thread 0x00007f8c25803800 Exception <a 'java/lang/NoSuchMethodError': Method sun.misc.Unsafe.prefetchRead(Ljava/lang/Object;J)V name or signature does not match> (0x00000007b5587fa8) thrown at [/HUDSON3/workspace/8-2-build-macosx-x86_64/jdk8u101/7261/hotspot/src/share/vm/prims/jni
Event: 1.162 Thread 0x00007f8c25803800 Exception <a 'java/lang/NoSuchFieldError': method resolution failed> (0x00000007b574e608) thrown at [/HUDSON3/workspace/8-2-build-macosx-x86_64/jdk8u101/7261/hotspot/src/share/vm/prims/methodHandles.cpp, line 1146]
Event: 1.168 Thread 0x00007f8c25803800 Exception <a 'java/lang/NoSuchFieldError': method resolution failed> (0x00000007b575ba08) thrown at [/HUDSON3/workspace/8-2-build-macosx-x86_64/jdk8u101/7261/hotspot/src/share/vm/prims/methodHandles.cpp, line 1146]

Events (10 events):
Event: 1336.063 Executing VM operation: RedefineClasses
Event: 1336.206 Executing VM operation: RedefineClasses done
Event: 1336.688 Executing VM operation: ChangeBreakpoints
Event: 1336.689 Executing VM operation: ChangeBreakpoints done
Event: 1769.257 Executing VM operation: ChangeBreakpoints
Event: 1769.273 Executing VM operation: ChangeBreakpoints done
Event: 1769.419 Executing VM operation: RedefineClasses
Event: 1769.569 Executing VM operation: RedefineClasses done
Event: 1808.366 Executing VM operation: RedefineClasses
Event: 1808.412 Executing VM operation: RedefineClasses done


Dynamic libraries:
0x000000003410d000 	/System/Library/Frameworks/Cocoa.framework/Versions/A/Cocoa
0x000000003410d000 	/System/Library/Frameworks/Security.framework/Versions/A/Security
0x000000003410d000 	/System/Library/Frameworks/ApplicationServices.framework/Versions/A/ApplicationServices
0x000000003410d000 	/usr/lib/libz.1.dylib
0x000000003410d000 	/usr/lib/libSystem.B.dylib
0x000000003410d000 	/usr/lib/libobjc.A.dylib
0x000000003410d000 	/System/Library/Frameworks/CoreFoundation.framework/Versions/A/CoreFoundation
0x000000003410d000 	/System/Library/Frameworks/Foundation.framework/Versions/C/Foundation
0x000000003410d000 	/System/Library/Frameworks/AppKit.framework/Versions/C/AppKit
0x000000003410d000 	/System/Library/Frameworks/CoreData.framework/Versions/A/CoreData
0x000000003410d000 	/System/Library/PrivateFrameworks/RemoteViewServices.framework/Versions/A/RemoteViewServices
0x000000003410d000 	/System/Library/PrivateFrameworks/UIFoundation.framework/Versions/A/UIFoundation
0x000000003410d000 	/System/Library/PrivateFrameworks/DFRFoundation.framework/Versions/A/DFRFoundation
0x000000003410d000 	/usr/lib/libenergytrace.dylib
0x000000003410d000 	/System/Library/PrivateFrameworks/SkyLight.framework/Versions/A/SkyLight
0x000000003410d000 	/System/Library/Frameworks/CoreGraphics.framework/Versions/A/CoreGraphics
0x000000003410d000 	/usr/lib/libScreenReader.dylib
0x000000003410d000 	/System/Library/Frameworks/Accelerate.framework/Versions/A/Accelerate
0x000000003410d000 	/System/Library/Frameworks/IOSurface.framework/Versions/A/IOSurface
0x000000003410d000 	/System/Library/Frameworks/AudioToolbox.framework/Versions/A/AudioToolbox
0x000000003410d000 	/System/Library/Frameworks/AudioUnit.framework/Versions/A/AudioUnit
0x000000003410d000 	/System/Library/PrivateFrameworks/DataDetectorsCore.framework/Versions/A/DataDetectorsCore
0x000000003410d000 	/System/Library/PrivateFrameworks/DesktopServicesPriv.framework/Versions/A/DesktopServicesPriv
0x000000003410d000 	/System/Library/Frameworks/Carbon.framework/Versions/A/Frameworks/HIToolbox.framework/Versions/A/HIToolbox
0x000000003410d000 	/usr/lib/libicucore.A.dylib
0x000000003410d000 	/System/Library/Frameworks/QuartzCore.framework/Versions/A/QuartzCore
0x000000003410d000 	/System/Library/Frameworks/Carbon.framework/Versions/A/Frameworks/SpeechRecognition.framework/Versions/A/SpeechRecognition
0x000000003410d000 	/usr/lib/libauto.dylib
0x000000003410d000 	/usr/lib/libxml2.2.dylib
0x000000003410d000 	/System/Library/PrivateFrameworks/CoreUI.framework/Versions/A/CoreUI
0x000000003410d000 	/System/Library/Frameworks/CoreAudio.framework/Versions/A/CoreAudio
0x000000003410d000 	/System/Library/Frameworks/DiskArbitration.framework/Versions/A/DiskArbitration
0x000000003410d000 	/usr/lib/liblangid.dylib
0x000000003410d000 	/System/Library/PrivateFrameworks/MultitouchSupport.framework/Versions/A/MultitouchSupport
0x000000003410d000 	/System/Library/Frameworks/IOKit.framework/Versions/A/IOKit
0x000000003410d000 	/usr/lib/libDiagnosticMessagesClient.dylib
0x000000003410d000 	/System/Library/Frameworks/CoreServices.framework/Versions/A/CoreServices
0x000000003410d000 	/System/Library/PrivateFrameworks/PerformanceAnalysis.framework/Versions/A/PerformanceAnalysis
0x000000003410d000 	/System/Library/PrivateFrameworks/GenerationalStorage.framework/Versions/A/GenerationalStorage
0x000000003410d000 	/System/Library/Frameworks/OpenGL.framework/Versions/A/OpenGL
0x000000003410d000 	/System/Library/Frameworks/CoreImage.framework/Versions/A/CoreImage
0x000000003410d000 	/System/Library/Frameworks/CoreText.framework/Versions/A/CoreText
0x000000003410d000 	/System/Library/Frameworks/ImageIO.framework/Versions/A/ImageIO
0x000000003410d000 	/System/Library/PrivateFrameworks/Backup.framework/Versions/A/Backup
0x000000003410d000 	/usr/lib/libarchive.2.dylib
0x000000003410d000 	/System/Library/Frameworks/CFNetwork.framework/Versions/A/CFNetwork
0x000000003410d000 	/System/Library/Frameworks/SystemConfiguration.framework/Versions/A/SystemConfiguration
0x000000003410d000 	/usr/lib/libCRFSuite.dylib
0x000000003410d000 	/usr/lib/libc++.1.dylib
0x000000003410d000 	/usr/lib/libc++abi.dylib
0x000000003410d000 	/usr/lib/system/libcache.dylib
0x000000003410d000 	/usr/lib/system/libcommonCrypto.dylib
0x000000003410d000 	/usr/lib/system/libcompiler_rt.dylib
0x000000003410d000 	/usr/lib/system/libcopyfile.dylib
0x000000003410d000 	/usr/lib/system/libcorecrypto.dylib
0x000000003410d000 	/usr/lib/system/libdispatch.dylib
0x000000003410d000 	/usr/lib/system/libdyld.dylib
0x000000003410d000 	/usr/lib/system/libkeymgr.dylib
0x000000003410d000 	/usr/lib/system/liblaunch.dylib
0x000000003410d000 	/usr/lib/system/libmacho.dylib
0x000000003410d000 	/usr/lib/system/libquarantine.dylib
0x000000003410d000 	/usr/lib/system/libremovefile.dylib
0x000000003410d000 	/usr/lib/system/libsystem_asl.dylib
0x000000003410d000 	/usr/lib/system/libsystem_blocks.dylib
0x000000003410d000 	/usr/lib/system/libsystem_c.dylib
0x000000003410d000 	/usr/lib/system/libsystem_configuration.dylib
0x000000003410d000 	/usr/lib/system/libsystem_coreservices.dylib
0x000000003410d000 	/usr/lib/system/libsystem_coretls.dylib
0x000000003410d000 	/usr/lib/system/libsystem_dnssd.dylib
0x000000003410d000 	/usr/lib/system/libsystem_info.dylib
0x000000003410d000 	/usr/lib/system/libsystem_kernel.dylib
0x000000003410d000 	/usr/lib/system/libsystem_m.dylib
0x000000003410d000 	/usr/lib/system/libsystem_malloc.dylib
0x000000003410d000 	/usr/lib/system/libsystem_network.dylib
0x000000003410d000 	/usr/lib/system/libsystem_networkextension.dylib
0x000000003410d000 	/usr/lib/system/libsystem_notify.dylib
0x000000003410d000 	/usr/lib/system/libsystem_platform.dylib
0x000000003410d000 	/usr/lib/system/libsystem_pthread.dylib
0x000000003410d000 	/usr/lib/system/libsystem_sandbox.dylib
0x000000003410d000 	/usr/lib/system/libsystem_secinit.dylib
0x000000003410d000 	/usr/lib/system/libsystem_symptoms.dylib
0x000000003410d000 	/usr/lib/system/libsystem_trace.dylib
0x000000003410d000 	/usr/lib/system/libunwind.dylib
0x000000003410d000 	/usr/lib/system/libxpc.dylib
0x000000003410d000 	/usr/lib/libbsm.0.dylib
0x000000003410d000 	/usr/lib/system/libkxld.dylib
0x000000003410d000 	/usr/lib/libcoretls.dylib
0x000000003410d000 	/usr/lib/libcoretls_cfhelpers.dylib
0x000000003410d000 	/usr/lib/libOpenScriptingUtil.dylib
0x000000003410d000 	/usr/lib/libpam.2.dylib
0x000000003410d000 	/usr/lib/libsqlite3.dylib
0x000000003410d000 	/usr/lib/libxar.1.dylib
0x000000003410d000 	/usr/lib/libbz2.1.0.dylib
0x000000003410d000 	/usr/lib/liblzma.5.dylib
0x000000003410d000 	/usr/lib/libnetwork.dylib
0x000000003410d000 	/usr/lib/libpcap.A.dylib
0x000000003410d000 	/System/Library/Frameworks/CoreServices.framework/Versions/A/Frameworks/FSEvents.framework/Versions/A/FSEvents
0x000000003410d000 	/System/Library/Frameworks/CoreServices.framework/Versions/A/Frameworks/CarbonCore.framework/Versions/A/CarbonCore
0x000000003410d000 	/System/Library/Frameworks/CoreServices.framework/Versions/A/Frameworks/Metadata.framework/Versions/A/Metadata
0x000000003410d000 	/System/Library/Frameworks/CoreServices.framework/Versions/A/Frameworks/OSServices.framework/Versions/A/OSServices
0x000000003410d000 	/System/Library/Frameworks/CoreServices.framework/Versions/A/Frameworks/SearchKit.framework/Versions/A/SearchKit
0x000000003410d000 	/System/Library/Frameworks/CoreServices.framework/Versions/A/Frameworks/AE.framework/Versions/A/AE
0x000000003410d000 	/System/Library/Frameworks/CoreServices.framework/Versions/A/Frameworks/LaunchServices.framework/Versions/A/LaunchServices
0x000000003410d000 	/System/Library/Frameworks/CoreServices.framework/Versions/A/Frameworks/DictionaryServices.framework/Versions/A/DictionaryServices
0x000000003410d000 	/System/Library/Frameworks/CoreServices.framework/Versions/A/Frameworks/SharedFileList.framework/Versions/A/SharedFileList
0x000000003410d000 	/System/Library/Frameworks/NetFS.framework/Versions/A/NetFS
0x000000003410d000 	/System/Library/PrivateFrameworks/NetAuth.framework/Versions/A/NetAuth
0x000000003410d000 	/System/Library/PrivateFrameworks/login.framework/Versions/A/Frameworks/loginsupport.framework/Versions/A/loginsupport
0x000000003410d000 	/System/Library/PrivateFrameworks/TCC.framework/Versions/A/TCC
0x000000003410d000 	/usr/lib/libmecabra.dylib
0x000000003410d000 	/System/Library/Frameworks/ApplicationServices.framework/Versions/A/Frameworks/ATS.framework/Versions/A/ATS
0x000000003410d000 	/System/Library/Frameworks/ApplicationServices.framework/Versions/A/Frameworks/ColorSync.framework/Versions/A/ColorSync
0x000000003410d000 	/System/Library/Frameworks/ApplicationServices.framework/Versions/A/Frameworks/HIServices.framework/Versions/A/HIServices
0x000000003410d000 	/System/Library/Frameworks/ApplicationServices.framework/Versions/A/Frameworks/LangAnalysis.framework/Versions/A/LangAnalysis
0x000000003410d000 	/System/Library/Frameworks/ApplicationServices.framework/Versions/A/Frameworks/PrintCore.framework/Versions/A/PrintCore
0x000000003410d000 	/System/Library/Frameworks/ApplicationServices.framework/Versions/A/Frameworks/QD.framework/Versions/A/QD
0x000000003410d000 	/System/Library/Frameworks/ApplicationServices.framework/Versions/A/Frameworks/SpeechSynthesis.framework/Versions/A/SpeechSynthesis
0x000000003410d000 	/System/Library/Frameworks/Accelerate.framework/Versions/A/Frameworks/vImage.framework/Versions/A/vImage
0x000000003410d000 	/System/Library/Frameworks/Accelerate.framework/Versions/A/Frameworks/vecLib.framework/Versions/A/vecLib
0x000000003410d000 	/System/Library/Frameworks/Accelerate.framework/Versions/A/Frameworks/vecLib.framework/Versions/A/libvDSP.dylib
0x000000003410d000 	/System/Library/Frameworks/Accelerate.framework/Versions/A/Frameworks/vecLib.framework/Versions/A/libBNNS.dylib
0x000000003410d000 	/System/Library/Frameworks/Accelerate.framework/Versions/A/Frameworks/vecLib.framework/Versions/A/libQuadrature.dylib
0x000000003410d000 	/System/Library/Frameworks/Accelerate.framework/Versions/A/Frameworks/vecLib.framework/Versions/A/libvMisc.dylib
0x000000003410d000 	/System/Library/Frameworks/Accelerate.framework/Versions/A/Frameworks/vecLib.framework/Versions/A/libLAPACK.dylib
0x000000003410d000 	/System/Library/Frameworks/Accelerate.framework/Versions/A/Frameworks/vecLib.framework/Versions/A/libBLAS.dylib
0x000000003410d000 	/System/Library/Frameworks/Accelerate.framework/Versions/A/Frameworks/vecLib.framework/Versions/A/libLinearAlgebra.dylib
0x000000003410d000 	/System/Library/Frameworks/Accelerate.framework/Versions/A/Frameworks/vecLib.framework/Versions/A/libSparseBLAS.dylib
0x000000003410d000 	/System/Library/Frameworks/ApplicationServices.framework/Versions/A/Frameworks/ATS.framework/Versions/A/Resources/libFontParser.dylib
0x000000003410d000 	/System/Library/Frameworks/ApplicationServices.framework/Versions/A/Frameworks/ATS.framework/Versions/A/Resources/libFontRegistry.dylib
0x000000003410d000 	/System/Library/Frameworks/ImageIO.framework/Versions/A/Resources/libJPEG.dylib
0x000000003410d000 	/System/Library/Frameworks/ImageIO.framework/Versions/A/Resources/libTIFF.dylib
0x000000003410d000 	/System/Library/Frameworks/ImageIO.framework/Versions/A/Resources/libPng.dylib
0x000000003410d000 	/System/Library/Frameworks/ImageIO.framework/Versions/A/Resources/libGIF.dylib
0x000000003410d000 	/System/Library/Frameworks/ImageIO.framework/Versions/A/Resources/libJP2.dylib
0x000000003410d000 	/System/Library/Frameworks/ImageIO.framework/Versions/A/Resources/libRadiance.dylib
0x000000003410d000 	/usr/lib/libcompression.dylib
0x000000003410d000 	/System/Library/PrivateFrameworks/AppleJPEG.framework/Versions/A/AppleJPEG
0x000000003410d000 	/usr/lib/libcups.2.dylib
0x000000003410d000 	/System/Library/Frameworks/Kerberos.framework/Versions/A/Kerberos
0x000000003410d000 	/System/Library/Frameworks/GSS.framework/Versions/A/GSS
0x000000003410d000 	/usr/lib/libresolv.9.dylib
0x000000003410d000 	/usr/lib/libiconv.2.dylib
0x000000003410d000 	/System/Library/PrivateFrameworks/Heimdal.framework/Versions/A/Heimdal
0x000000003410d000 	/usr/lib/libheimdal-asn1.dylib
0x000000003410d000 	/System/Library/Frameworks/OpenDirectory.framework/Versions/A/OpenDirectory
0x000000003410d000 	/System/Library/PrivateFrameworks/CommonAuth.framework/Versions/A/CommonAuth
0x000000003410d000 	/System/Library/Frameworks/OpenDirectory.framework/Versions/A/Frameworks/CFOpenDirectory.framework/Versions/A/CFOpenDirectory
0x000000003410d000 	/System/Library/Frameworks/SecurityFoundation.framework/Versions/A/SecurityFoundation
0x000000003410d000 	/System/Library/PrivateFrameworks/LanguageModeling.framework/Versions/A/LanguageModeling
0x000000003410d000 	/usr/lib/libmarisa.dylib
0x000000003410d000 	/usr/lib/libChineseTokenizer.dylib
0x000000003410d000 	/usr/lib/libcmph.dylib
0x000000003410d000 	/System/Library/PrivateFrameworks/CoreEmoji.framework/Versions/A/CoreEmoji
0x000000003410d000 	/System/Library/Frameworks/ServiceManagement.framework/Versions/A/ServiceManagement
0x000000003410d000 	/usr/lib/libxslt.1.dylib
0x000000003410d000 	/System/Library/Frameworks/Carbon.framework/Versions/A/Frameworks/Ink.framework/Versions/A/Ink
0x000000003410d000 	/System/Library/PrivateFrameworks/TextureIO.framework/Versions/A/TextureIO
0x000000003410d000 	/System/Library/Frameworks/Metal.framework/Versions/A/Metal
0x000000003410d000 	/usr/lib/libate.dylib
0x000000003410d000 	/System/Library/PrivateFrameworks/GPUCompiler.framework/libmetal_timestamp.dylib
0x000000003410d000 	/System/Library/Frameworks/OpenGL.framework/Versions/A/Libraries/libCoreFSCache.dylib
0x000000003410d000 	/System/Library/PrivateFrameworks/IOAccelerator.framework/Versions/A/IOAccelerator
0x000000003410d000 	/System/Library/Frameworks/CoreVideo.framework/Versions/A/CoreVideo
0x000000003410d000 	/usr/lib/libFosl_dynamic.dylib
0x000000003410d000 	/System/Library/PrivateFrameworks/MetalPerformanceShaders.framework/Versions/A/MetalPerformanceShaders
0x000000003410d000 	/System/Library/PrivateFrameworks/FaceCore.framework/Versions/A/FaceCore
0x000000003410d000 	/System/Library/Frameworks/OpenCL.framework/Versions/A/OpenCL
0x000000003410d000 	/System/Library/Frameworks/OpenGL.framework/Versions/A/Libraries/libGLU.dylib
0x000000003410d000 	/System/Library/Frameworks/OpenGL.framework/Versions/A/Libraries/libGFXShared.dylib
0x000000003410d000 	/System/Library/Frameworks/OpenGL.framework/Versions/A/Libraries/libGL.dylib
0x000000003410d000 	/System/Library/Frameworks/OpenGL.framework/Versions/A/Libraries/libGLImage.dylib
0x000000003410d000 	/System/Library/Frameworks/OpenGL.framework/Versions/A/Libraries/libCVMSPluginSupport.dylib
0x000000003410d000 	/System/Library/Frameworks/OpenGL.framework/Versions/A/Libraries/libCoreVMClient.dylib
0x000000003410d000 	/System/Library/PrivateFrameworks/CrashReporterSupport.framework/Versions/A/CrashReporterSupport
0x000000003410d000 	/System/Library/PrivateFrameworks/Sharing.framework/Versions/A/Sharing
0x000000003410d000 	/System/Library/PrivateFrameworks/IconServices.framework/Versions/A/IconServices
0x000000003410d000 	/System/Library/PrivateFrameworks/ProtocolBuffer.framework/Versions/A/ProtocolBuffer
0x000000003410d000 	/System/Library/PrivateFrameworks/Apple80211.framework/Versions/A/Apple80211
0x000000003410d000 	/System/Library/Frameworks/CoreWLAN.framework/Versions/A/CoreWLAN
0x000000003410d000 	/System/Library/PrivateFrameworks/CoreUtils.framework/Versions/A/CoreUtils
0x000000003410d000 	/System/Library/Frameworks/IOBluetooth.framework/Versions/A/IOBluetooth
0x000000003410d000 	/System/Library/PrivateFrameworks/CoreWiFi.framework/Versions/A/CoreWiFi
0x000000003410d000 	/System/Library/Frameworks/CoreBluetooth.framework/Versions/A/CoreBluetooth
0x000000003410d000 	/System/Library/Frameworks/CoreDisplay.framework/Versions/A/CoreDisplay
0x000000003410d000 	/System/Library/PrivateFrameworks/IOPresentment.framework/Versions/A/IOPresentment
0x000000003410d000 	/System/Library/PrivateFrameworks/DSExternalDisplay.framework/Versions/A/DSExternalDisplay
0x000000003410d000 	/System/Library/PrivateFrameworks/DebugSymbols.framework/Versions/A/DebugSymbols
0x000000003410d000 	/System/Library/PrivateFrameworks/CoreSymbolication.framework/Versions/A/CoreSymbolication
0x000000003410d000 	/System/Library/PrivateFrameworks/Symbolication.framework/Versions/A/Symbolication
0x000000003410d000 	/System/Library/PrivateFrameworks/AppleFSCompression.framework/Versions/A/AppleFSCompression
0x000000003410d000 	/System/Library/PrivateFrameworks/SpeechRecognitionCore.framework/Versions/A/SpeechRecognitionCore
0x000000003410d000 	/System/Library/PrivateFrameworks/ChunkingLibrary.framework/Versions/A/ChunkingLibrary
0x00000001092f6000 	/System/Library/CoreServices/Encodings/libSimplifiedChineseConverter.dylib
0x0000000109c00000 	/Library/Java/JavaVirtualMachines/jdk1.8.0_101.jdk/Contents/Home/jre/lib/server/libjvm.dylib
0x000000003410d000 	/usr/lib/libstdc++.6.dylib
0x000000010933a000 	/Library/Java/JavaVirtualMachines/jdk1.8.0_101.jdk/Contents/Home/jre/lib/libverify.dylib
0x0000000109348000 	/Library/Java/JavaVirtualMachines/jdk1.8.0_101.jdk/Contents/Home/jre/lib/libjava.dylib
0x000000010937e000 	/Library/Java/JavaVirtualMachines/jdk1.8.0_101.jdk/Contents/Home/jre/lib/libjdwp.dylib
0x00000001093c9000 	/Library/Java/JavaVirtualMachines/jdk1.8.0_101.jdk/Contents/Home/jre/lib/libnpt.dylib
0x00000001093d6000 	/Library/Java/JavaVirtualMachines/jdk1.8.0_101.jdk/Contents/Home/jre/lib/libzip.dylib
0x000000010dcd8000 	/System/Library/Frameworks/JavaVM.framework/Frameworks/JavaRuntimeSupport.framework/JavaRuntimeSupport
0x00000001093ea000 	/System/Library/Frameworks/JavaVM.framework/Versions/A/Frameworks/JavaNativeFoundation.framework/Versions/A/JavaNativeFoundation
0x000000010dcf2000 	/System/Library/Frameworks/JavaVM.framework/Versions/A/JavaVM
0x000000003410d000 	/System/Library/Frameworks/Carbon.framework/Versions/A/Carbon
0x000000010dcff000 	/System/Library/PrivateFrameworks/JavaLaunching.framework/Versions/A/JavaLaunching
0x000000003410d000 	/System/Library/Frameworks/Carbon.framework/Versions/A/Frameworks/CommonPanels.framework/Versions/A/CommonPanels
0x000000003410d000 	/System/Library/Frameworks/Carbon.framework/Versions/A/Frameworks/Help.framework/Versions/A/Help
0x000000003410d000 	/System/Library/Frameworks/Carbon.framework/Versions/A/Frameworks/ImageCapture.framework/Versions/A/ImageCapture
0x000000003410d000 	/System/Library/Frameworks/Carbon.framework/Versions/A/Frameworks/OpenScripting.framework/Versions/A/OpenScripting
0x000000003410d000 	/System/Library/Frameworks/Carbon.framework/Versions/A/Frameworks/Print.framework/Versions/A/Print
0x000000003410d000 	/System/Library/Frameworks/Carbon.framework/Versions/A/Frameworks/SecurityHI.framework/Versions/A/SecurityHI
0x000000010f60c000 	/Library/Java/JavaVirtualMachines/jdk1.8.0_101.jdk/Contents/Home/jre/lib/libdt_socket.dylib

VM Arguments:
jvm_args: -agentlib:jdwp=transport=dt_socket,address=127.0.0.1:59584,suspend=y,server=n -Dfile.encoding=UTF-8 
java_command: FilterMapreduceTest
java_class_path (initial): /Library/Java/JavaVirtualMachines/jdk1.8.0_101.jdk/Contents/Home/jre/lib/charsets.jar:/Library/Java/JavaVirtualMachines/jdk1.8.0_101.jdk/Contents/Home/jre/lib/deploy.jar:/Library/Java/JavaVirtualMachines/jdk1.8.0_101.jdk/Contents/Home/jre/lib/ext/cldrdata.jar:/Library/Java/JavaVirtualMachines/jdk1.8.0_101.jdk/Contents/Home/jre/lib/ext/dnsns.jar:/Library/Java/JavaVirtualMachines/jdk1.8.0_101.jdk/Contents/Home/jre/lib/ext/jaccess.jar:/Library/Java/JavaVirtualMachines/jdk1.8.0_101.jdk/Contents/Home/jre/lib/ext/jfxrt.jar:/Library/Java/JavaVirtualMachines/jdk1.8.0_101.jdk/Contents/Home/jre/lib/ext/localedata.jar:/Library/Java/JavaVirtualMachines/jdk1.8.0_101.jdk/Contents/Home/jre/lib/ext/nashorn.jar:/Library/Java/JavaVirtualMachines/jdk1.8.0_101.jdk/Contents/Home/jre/lib/ext/sunec.jar:/Library/Java/JavaVirtualMachines/jdk1.8.0_101.jdk/Contents/Home/jre/lib/ext/sunjce_provider.jar:/Library/Java/JavaVirtualMachines/jdk1.8.0_101.jdk/Contents/Home/jre/lib/ext/sunpkcs11.jar:/Library/Java/JavaVirtualMachines/jdk1.8.0_101.jdk/Contents/Home/jre/lib/ext/zipfs.jar:/Library/Java/JavaVirtualMachines/jdk1.8.0_101.jdk/Contents/Home/jre/lib/javaws.jar:/Library/Java/JavaVirtualMachines/jdk1.8.0_101.jdk/Contents/Home/jre/lib/jce.jar:/Library/Java/JavaVirtualMachines/jdk1.8.0_101.jdk/Contents/Home/jre/lib/jfr.jar:/Library/Java/JavaVirtualMachines/jdk1.8.0_101.jdk/Contents/Home/jre/lib/jfxswt.jar:/Library/Java/JavaVirtualMachines/jdk1.8.0_101.jdk/Contents/Home/jre/lib/jsse.jar:/Library/Java/JavaVirtualMachines/jdk1.8.0_101.jdk/Contents/Home/jre/lib/management-agent.jar:/Library/Java/JavaVirtualMachines/jdk1.8.0_101.jdk/Contents/Home/jre/lib/plugin.jar:/Library/Java/JavaVirtualMachines/jdk1.8.0_101.jdk/Contents/Home/jre/lib/resources.jar:/Library/Java/JavaVirtualMachines/jdk1.8.0_101.jdk/Contents/Home/jre/lib/rt.jar:/Library/Java/JavaVirtualMachines/jdk1.8.0_101.jdk/Contents/Home/lib/ant-javafx.jar:/Library/Java/JavaVirtualMachines/jdk1.8.0_101.jdk/Contents/Home
Launcher Type: SUN_STANDARD

Environment Variables:
PATH=/usr/local/bin:/usr/bin:/bin:/usr/sbin:/sbin:/usr/local/bin:/usr/local/git/bin
SHELL=/bin/bash

Signal Handlers:
SIGSEGV: [libjvm.dylib+0x5af145], sa_mask[0]=11111111011111110111111111111111, sa_flags=SA_ONSTACK|SA_RESTART|SA_SIGINFO
SIGBUS: [libjvm.dylib+0x5af145], sa_mask[0]=11111111011111110111111111111111, sa_flags=SA_RESTART|SA_SIGINFO
SIGFPE: [libjvm.dylib+0x48694c], sa_mask[0]=11111111011111110111111111111111, sa_flags=SA_RESTART|SA_SIGINFO
SIGPIPE: [libjvm.dylib+0x48694c], sa_mask[0]=11111111011111110111111111111111, sa_flags=SA_RESTART|SA_SIGINFO
SIGXFSZ: [libjvm.dylib+0x48694c], sa_mask[0]=11111111011111110111111111111111, sa_flags=SA_RESTART|SA_SIGINFO
SIGILL: [libjvm.dylib+0x48694c], sa_mask[0]=11111111011111110111111111111111, sa_flags=SA_RESTART|SA_SIGINFO
SIGUSR1: SIG_DFL, sa_mask[0]=00000000000000000000000000000000, sa_flags=none
SIGUSR2: [libjvm.dylib+0x48646a], sa_mask[0]=00100000000000000000000000000000, sa_flags=SA_RESTART|SA_SIGINFO
SIGHUP: [libjvm.dylib+0x484a41], sa_mask[0]=11111111011111110111111111111111, sa_flags=SA_RESTART|SA_SIGINFO
SIGINT: [libjvm.dylib+0x484a41], sa_mask[0]=11111111011111110111111111111111, sa_flags=SA_RESTART|SA_SIGINFO
SIGTERM: [libjvm.dylib+0x484a41], sa_mask[0]=11111111011111110111111111111111, sa_flags=SA_RESTART|SA_SIGINFO
SIGQUIT: [libjvm.dylib+0x484a41], sa_mask[0]=11111111011111110111111111111111, sa_flags=SA_RESTART|SA_SIGINFO


---------------  S Y S T E M  ---------------

OS:Bsduname:Darwin 16.7.0 Darwin Kernel Version 16.7.0: Thu Jun 15 17:36:27 PDT 2017; root:xnu-3789.70.16~2/RELEASE_X86_64 x86_64
rlimit: STACK 8192k, CORE 0k, NPROC 266, NOFILE 10240, AS infinity
load average:3.59 3.64 4.13

CPU:total 4 (2 cores per cpu, 2 threads per core) family 6 model 42 stepping 7, cmov, cx8, fxsr, mmx, sse, sse2, sse3, ssse3, sse4.1, sse4.2, popcnt, avx, aes, clmul, ht, tsc, tscinvbit

Memory: 4k page, physical 2097152k(50212k free)

/proc/meminfo:


vm_info: Java HotSpot(TM) 64-Bit Server VM (25.101-b13) for bsd-amd64 JRE (1.8.0_101-b13), built on Jun 22 2016 02:42:15 by "java_re" with gcc 4.2.1 (Based on Apple Inc. build 5658) (LLVM build 2336.11.00)

time: Mon Sep  4 18:11:22 2017
elapsed time: 1808 seconds (0d 0h 30m 8s)

